<?xml version="1.0" encoding="UTF-8"?>
<testng-results ignored="0" total="1" passed="1" failed="0" skipped="0">
  <reporter-output>
  </reporter-output>
  <suite started-at="2020-07-27T12:01:28Z" name="Suite" finished-at="2020-07-27T12:02:06Z" duration-ms="37920">
    <groups>
    </groups>
    <test started-at="2020-07-27T12:01:28Z" name="Test" finished-at="2020-07-27T12:02:06Z" duration-ms="37920">
      <class name="com.yourstore.pages.AddtoCart">
        <test-method signature="verifyAddtoCart()[pri:0, instance:com.yourstore.pages.AddtoCart@59af0466]" started-at="2020-07-27T17:31:28Z" name="verifyAddtoCart" finished-at="2020-07-27T17:32:06Z" duration-ms="37889" status="PASS">
          <reporter-output>
          </reporter-output>
        </test-method> <!-- verifyAddtoCart -->
      </class> <!-- com.yourstore.pages.AddtoCart -->
    </test> <!-- Test -->
  </suite> <!-- Suite -->
</testng-results>
